<?xml version="1.0" encoding="UTF-8"?>
<!-- Generated by org.testng.reporters.JUnitReportReporter -->
<testsuite hostname="TYSS-Sumanth-Chinivar" failures="0" tests="1" name="assertions.HowToUseReporterDotLog" time="0.009" errors="0" timestamp="2024-02-05T07:28:33 IST" skipped="0">
  <testcase classname="assertions.HowToUseReporterDotLog" name="demo" time="0.009">
    <system-out>
      <![CDATA[Hai
Hello]]>
    </system-out>
  </testcase> <!-- demo -->
  <system-out>
    <![CDATA[Hai
Hello]]>
  </system-out>
</testsuite> <!-- assertions.HowToUseReporterDotLog -->
