<?xml version="1.0" encoding="UTF-8"?>
<!-- Generated by org.testng.reporters.JUnitReportReporter -->
<testsuite hostname="TYSS-Sumanth-Chinivar" failures="0" tests="9" name="learningGroupExecution.Vehicle" time="33.347" errors="0" timestamp="2024-01-25T08:51:35 IST" skipped="0">
  <testcase classname="learningGroupExecution.Vehicle" name="bajajAuto" time="4.240"/>
  <testcase classname="learningGroupExecution.Vehicle" name="landRover" time="3.214"/>
  <testcase classname="learningGroupExecution.Vehicle" name="mahindraAutos" time="3.744"/>
  <testcase classname="learningGroupExecution.Vehicle" name="tataMotors" time="4.027"/>
  <testcase classname="learningGroupExecution.Vehicle" name="harley" time="3.980"/>
  <testcase classname="learningGroupExecution.Vehicle" name="hercules" time="3.711"/>
  <testcase classname="learningGroupExecution.Vehicle" name="heroMotors" time="3.746"/>
  <testcase classname="learningGroupExecution.Vehicle" name="lamborghini" time="3.295"/>
  <testcase classname="learningGroupExecution.Vehicle" name="heroCycles" time="3.390"/>
</testsuite> <!-- learningGroupExecution.Vehicle -->
