<?xml version="1.0" encoding="UTF-8"?>
<!-- Generated by org.testng.reporters.JUnitReportReporter -->
<testsuite hostname="TYSS-Sumanth-Chinivar" failures="0" tests="1" name="scriptUsingPOM.TC_DWS_Login_001" time="6.059" errors="0" timestamp="2024-02-09T08:21:36 IST" skipped="0">
  <testcase classname="scriptUsingPOM.TC_DWS_Login_001" name="loginAndLogout" time="6.059"/>
</testsuite> <!-- scriptUsingPOM.TC_DWS_Login_001 -->
