<?xml version="1.0" encoding="UTF-8"?>
<!-- Generated by org.testng.reporters.JUnitReportReporter -->
<testsuite hostname="TYSS-Sumanth-Chinivar" failures="0" tests="1" name="batchExecution.LaunchIPL" time="6.310" errors="0" timestamp="2024-01-23T08:19:58 IST" skipped="0">
  <testcase classname="batchExecution.LaunchIPL" name="launchIpl" time="6.310"/>
</testsuite> <!-- batchExecution.LaunchIPL -->
