<?xml version="1.0" encoding="UTF-8"?>
<!-- Generated by org.testng.reporters.JUnitReportReporter -->
<testsuite hostname="TYSS-Sumanth-Chinivar" failures="0" tests="6" name="LearningThreadPoolSize" time="28.499" errors="0" timestamp="2024-01-22T08:40:49 IST" skipped="0">
  <testcase classname="LearningThreadPoolSize" name="launchAmazon" time="5.849"/>
  <testcase classname="LearningThreadPoolSize" name="launchAmazon" time="3.142"/>
  <testcase classname="LearningThreadPoolSize" name="launchAmazon" time="5.185"/>
  <testcase classname="LearningThreadPoolSize" name="launchAmazon" time="5.013"/>
  <testcase classname="LearningThreadPoolSize" name="launchAmazon" time="3.296"/>
  <testcase classname="LearningThreadPoolSize" name="launchAmazon" time="6.014"/>
</testsuite> <!-- LearningThreadPoolSize -->
