<?xml version="1.0" encoding="UTF-8"?>
<!-- Generated by org.testng.reporters.JUnitReportReporter -->
<testsuite hostname="TYSS-Sumanth-Chinivar" failures="0" tests="1" name="assertions.LoginToDWS" time="6.335" errors="0" timestamp="2024-02-05T08:05:22 IST" skipped="0">
  <testcase classname="assertions.LoginToDWS" name="login" time="6.335">
    <system-out>
      <![CDATA[Browser is launched
Window is maximized
Demowebshop is launched
Login page is displayed
Entered username is matching
Password is same
User logged in successfully
Logged out successfully
Browser closed]]>
    </system-out>
  </testcase> <!-- login -->
  <system-out>
    <![CDATA[Browser is launched
Window is maximized
Demowebshop is launched
Login page is displayed
Entered username is matching
Password is same
User logged in successfully
Logged out successfully
Browser closed]]>
  </system-out>
</testsuite> <!-- assertions.LoginToDWS -->
