<?xml version="1.0" encoding="UTF-8"?>
<!-- Generated by org.testng.reporters.JUnitReportReporter -->
<testsuite hostname="TYSS-Sumanth-Chinivar" failures="0" tests="1" name="distributesParallelExecution.Accenture" time="3.463" errors="0" timestamp="2024-01-29T07:48:27 IST" skipped="0">
  <testcase classname="distributesParallelExecution.Accenture" name="launchAccenture" time="3.463"/>
</testsuite> <!-- distributesParallelExecution.Accenture -->
