<?xml version="1.0" encoding="UTF-8"?>
<!-- Generated by org.testng.reporters.JUnitReportReporter -->
<testsuite hostname="TYSS-Sumanth-Chinivar" failures="0" tests="2" name="configurationAnnotations.LearningConfigAnnotation2" time="0.008" errors="0" timestamp="2024-02-02T08:34:58 IST" skipped="0">
  <testcase classname="configurationAnnotations.LearningConfigAnnotation2" name="test2" time="0.002"/>
  <testcase classname="configurationAnnotations.LearningConfigAnnotation2" name="test1" time="0.006"/>
</testsuite> <!-- configurationAnnotations.LearningConfigAnnotation2 -->
