<?xml version="1.0" encoding="UTF-8"?>
<!-- Generated by org.testng.reporters.JUnitReportReporter -->
<testsuite hostname="TYSS-Sumanth-Chinivar" failures="0" tests="1" name="learningParallelExecution.LandRover" time="3.301" errors="0" timestamp="2024-01-29T07:48:27 IST" skipped="0">
  <testcase classname="learningParallelExecution.LandRover" name="launchLAndRover" time="3.301"/>
</testsuite> <!-- learningParallelExecution.LandRover -->
