<?xml version="1.0" encoding="UTF-8"?>
<!-- Generated by org.testng.reporters.JUnitReportReporter -->
<testsuite hostname="TYSS-Sumanth-Chinivar" failures="0" tests="1" name="baseClass.TestCase" time="0.025" errors="0" timestamp="2024-02-03T07:50:49 IST" skipped="0">
  <testcase classname="baseClass.TestCase" name="demo" time="0.025"/>
</testsuite> <!-- baseClass.TestCase -->
