<?xml version="1.0" encoding="UTF-8"?>
<!-- Generated by org.testng.reporters.JUnitReportReporter -->
<testsuite hostname="TYSS-Sumanth-Chinivar" failures="0" tests="1" name="practice.LaunchFacebook" time="2.653" errors="0" timestamp="2024-01-24T08:27:46 IST" skipped="0">
  <testcase classname="practice.LaunchFacebook" name="launchFacebook" time="2.653"/>
</testsuite> <!-- practice.LaunchFacebook -->
