<?xml version="1.0" encoding="UTF-8"?>
<!-- Generated by org.testng.reporters.JUnitReportReporter -->
<testsuite hostname="TYSS-Sumanth-Chinivar" failures="0" tests="1" name="unitTesting.LearningPriorityClass2" time="2.877" errors="0" timestamp="2024-01-23T07:49:56 IST" skipped="0">
  <testcase classname="unitTesting.LearningPriorityClass2" name="launchGoogle" time="2.877"/>
</testsuite> <!-- unitTesting.LearningPriorityClass2 -->
