<?xml version="1.0" encoding="UTF-8"?>
<!-- Generated by org.testng.reporters.JUnitReportReporter -->
<testsuite hostname="TYSS-Sumanth-Chinivar" failures="0" tests="1" name="batchExecution.LaunchDemoWebShop" time="3.934" errors="0" timestamp="2024-01-23T08:19:58 IST" skipped="0">
  <testcase classname="batchExecution.LaunchDemoWebShop" name="launchDemoWebShop" time="3.934"/>
</testsuite> <!-- batchExecution.LaunchDemoWebShop -->
