<?xml version="1.0" encoding="UTF-8"?>
<!-- Generated by org.testng.reporters.JUnitReportReporter -->
<testsuite hostname="TYSS-Sumanth-Chinivar" failures="0" tests="1" name="learningGroups.LaunchYouTube" time="5.201" errors="0" timestamp="2024-01-24T07:30:34 IST" skipped="0">
  <testcase classname="learningGroups.LaunchYouTube" name="launchYouTube" time="5.201"/>
</testsuite> <!-- learningGroups.LaunchYouTube -->
