<?xml version="1.0" encoding="UTF-8"?>
<!-- Generated by org.testng.reporters.JUnitReportReporter -->
<testsuite hostname="TYSS-Sumanth-Chinivar" failures="0" tests="1" name="configurationAnnotations.LearningConfigAnnotation4" time="0.005" errors="0" timestamp="2024-02-02T08:57:07 IST" skipped="0">
  <testcase classname="configurationAnnotations.LearningConfigAnnotation4" name="test" time="0.005"/>
</testsuite> <!-- configurationAnnotations.LearningConfigAnnotation4 -->
