<?xml version="1.0" encoding="UTF-8"?>
<!-- Generated by org.testng.reporters.JUnitReportReporter -->
<testsuite hostname="TYSS-Sumanth-Chinivar" failures="0" tests="2" name="configurationAnnotations.LearningConfigAnnotation5" time="0.009" errors="0" timestamp="2024-02-02T08:51:51 IST" skipped="0">
  <testcase classname="configurationAnnotations.LearningConfigAnnotation5" name="test2" time="0.004"/>
  <testcase classname="configurationAnnotations.LearningConfigAnnotation5" name="test1" time="0.005"/>
</testsuite> <!-- configurationAnnotations.LearningConfigAnnotation5 -->
