<?xml version="1.0" encoding="UTF-8"?>
<!-- Generated by org.testng.reporters.JUnitReportReporter -->
<testsuite hostname="TYSS-Sumanth-Chinivar" failures="0" tests="1" name="distributesParallelExecution.Wipro" time="2.583" errors="0" timestamp="2024-01-29T07:48:27 IST" skipped="0">
  <testcase classname="distributesParallelExecution.Wipro" name="launchWipro" time="2.583"/>
</testsuite> <!-- distributesParallelExecution.Wipro -->
