<?xml version="1.0" encoding="UTF-8"?>
<!-- Generated by org.testng.reporters.JUnitReportReporter -->
<testsuite hostname="TYSS-Sumanth-Chinivar" failures="0" tests="1" name="learningParallelExecution.Audi" time="4.139" errors="0" timestamp="2024-01-29T07:48:27 IST" skipped="0">
  <testcase classname="learningParallelExecution.Audi" name="launchAudi" time="4.139"/>
</testsuite> <!-- learningParallelExecution.Audi -->
