<?xml version="1.0" encoding="UTF-8"?>
<!-- Generated by org.testng.reporters.JUnitReportReporter -->
<testsuite hostname="TYSS-Sumanth-Chinivar" failures="0" tests="2" name="learningGroups.LaunchParker" time="12.333" errors="0" timestamp="2024-01-24T08:27:46 IST" skipped="0">
  <testcase classname="learningGroups.LaunchParker" name="launchImdb" time="6.782"/>
  <testcase classname="learningGroups.LaunchParker" name="launchParker" time="5.551"/>
</testsuite> <!-- learningGroups.LaunchParker -->
