<?xml version="1.0" encoding="UTF-8"?>
<!-- Generated by org.testng.reporters.JUnitReportReporter -->
<testsuite hostname="TYSS-Sumanth-Chinivar" failures="0" tests="1" name="LearningITestListener.TC_001_DemoWebShop" time="0.005" errors="0" timestamp="2024-02-08T07:37:00 IST" skipped="0">
  <testcase classname="LearningITestListener.TC_001_DemoWebShop" name="demoTest" time="0.005">
    <system-out>
      <![CDATA[Test Case 1]]>
    </system-out>
  </testcase> <!-- demoTest -->
  <system-out>
    <![CDATA[Test Case 1
Success]]>
  </system-out>
</testsuite> <!-- LearningITestListener.TC_001_DemoWebShop -->
