<?xml version="1.0" encoding="UTF-8"?>
<!-- Generated by org.testng.reporters.JUnitReportReporter -->
<testsuite hostname="TYSS-Sumanth-Chinivar" failures="0" tests="1" name="batchExecution.LaunchCello" time="6.002" errors="0" timestamp="2024-01-23T08:17:48 IST" skipped="0">
  <testcase classname="batchExecution.LaunchCello" name="launchCello" time="6.002"/>
</testsuite> <!-- batchExecution.LaunchCello -->
