<?xml version="1.0" encoding="UTF-8"?>
<!-- Generated by org.testng.reporters.JUnitReportReporter -->
<testsuite hostname="TYSS-Sumanth-Chinivar" failures="0" tests="2" name="unitTesting.LearningPriorityClass3" time="5.691" errors="0" timestamp="2024-01-23T07:49:56 IST" skipped="0">
  <testcase classname="unitTesting.LearningPriorityClass3" name="launchFaceBook" time="2.752"/>
  <testcase classname="unitTesting.LearningPriorityClass3" name="launchGoogle" time="2.939"/>
</testsuite> <!-- unitTesting.LearningPriorityClass3 -->
