<?xml version="1.0" encoding="UTF-8"?>
<!-- Generated by org.testng.reporters.JUnitReportReporter -->
<testsuite hostname="TYSS-Sumanth-Chinivar" failures="0" tests="2" name="dataProvider.LearningDataProvider3" time="12.582" errors="0" timestamp="2024-01-30T07:40:01 IST" skipped="0">
  <testcase classname="dataProvider.LearningDataProvider3" name="login" time="5.523"/>
  <testcase classname="dataProvider.LearningDataProvider3" name="login" time="7.059"/>
</testsuite> <!-- dataProvider.LearningDataProvider3 -->
