<?xml version="1.0" encoding="UTF-8"?>
<!-- Generated by org.testng.reporters.JUnitReportReporter -->
<testsuite hostname="TYSS-Sumanth-Chinivar" failures="0" tests="1" name="crossBrowser.LearningCrossBrowser3" time="0.008" errors="0" timestamp="2024-01-31T08:34:08 IST" skipped="0">
  <testcase classname="crossBrowser.LearningCrossBrowser3" name="flower1" time="0.008"/>
</testsuite> <!-- crossBrowser.LearningCrossBrowser3 -->
