<?xml version="1.0" encoding="UTF-8"?>
<!-- Generated by org.testng.reporters.JUnitReportReporter -->
<testsuite hostname="TYSS-Sumanth-Chinivar" failures="0" tests="4" name="unitTesting.LearningAtTest2" time="0.006" errors="0" timestamp="2024-01-23T07:49:56 IST" skipped="0">
  <testcase classname="unitTesting.LearningAtTest2" name="example" time="0.001"/>
  <testcase classname="unitTesting.LearningAtTest2" name="aeroplane" time="0.001"/>
  <testcase classname="unitTesting.LearningAtTest2" name="demo1" time="0.003"/>
  <testcase classname="unitTesting.LearningAtTest2" name="sample" time="0.001"/>
</testsuite> <!-- unitTesting.LearningAtTest2 -->
