<?xml version="1.0" encoding="UTF-8"?>
<!-- Generated by org.testng.reporters.JUnitReportReporter -->
<testsuite hostname="TYSS-Sumanth-Chinivar" failures="0" tests="2" name="unitTesting.LearningAtTest1" time="0.002" errors="0" timestamp="2024-01-23T07:49:56 IST" skipped="0">
  <testcase classname="unitTesting.LearningAtTest1" name="demo1" time="0.001"/>
  <testcase classname="unitTesting.LearningAtTest1" name="demo" time="0.001"/>
</testsuite> <!-- unitTesting.LearningAtTest1 -->
