<?xml version="1.0" encoding="UTF-8"?>
<!-- Generated by org.testng.reporters.JUnitReportReporter -->
<testsuite hostname="TYSS-Sumanth-Chinivar" failures="0" tests="1" name="learningParallelExecution.Benz" time="2.901" errors="0" timestamp="2024-01-29T07:48:27 IST" skipped="0">
  <testcase classname="learningParallelExecution.Benz" name="launchBenz" time="2.901"/>
</testsuite> <!-- learningParallelExecution.Benz -->
