<?xml version="1.0" encoding="UTF-8"?>
<!-- Generated by org.testng.reporters.JUnitReportReporter -->
<testsuite hostname="TYSS-Sumanth-Chinivar" failures="0" tests="1" name="writingAutomationScript.PrintingDataFromExcel" time="0.433" errors="0" timestamp="2024-01-22T07:55:44 IST" skipped="0">
  <testcase classname="writingAutomationScript.PrintingDataFromExcel" name="readingDataFromExcel" time="0.433"/>
</testsuite> <!-- writingAutomationScript.PrintingDataFromExcel -->
