<?xml version="1.0" encoding="UTF-8"?>
<!-- Generated by org.testng.reporters.JUnitReportReporter -->
<testsuite hostname="TYSS-Sumanth-Chinivar" failures="0" tests="1" name="dataProvider.LearningToLoginUsingExcel" time="6.826" errors="0" timestamp="2024-01-29T08:13:07 IST" skipped="0">
  <testcase classname="dataProvider.LearningToLoginUsingExcel" name="readingFromExcelAndLogin" time="6.826"/>
</testsuite> <!-- dataProvider.LearningToLoginUsingExcel -->
