<?xml version="1.0" encoding="UTF-8"?>
<!-- Generated by org.testng.reporters.JUnitReportReporter -->
<testsuite hostname="TYSS-Sumanth-Chinivar" failures="0" tests="1" name="writingAutomationScriptUsingPOM.TC_DWS_AddToCart_003" time="6.624" errors="0" timestamp="2024-02-12T08:28:56 IST" skipped="0">
  <testcase classname="writingAutomationScriptUsingPOM.TC_DWS_AddToCart_003" name="addingProductToCartAndLogout" time="6.624"/>
</testsuite> <!-- writingAutomationScriptUsingPOM.TC_DWS_AddToCart_003 -->
