<?xml version="1.0" encoding="UTF-8"?>
<!-- Generated by org.testng.reporters.JUnitReportReporter -->
<testsuite hostname="TYSS-Sumanth-Chinivar" failures="0" tests="2" name="unitTesting.LearningDependsOnMethod" time="7.158" errors="0" timestamp="2024-01-24T07:23:51 IST" skipped="0">
  <testcase classname="unitTesting.LearningDependsOnMethod" name="launchAmazon" time="3.140"/>
  <testcase classname="unitTesting.LearningDependsOnMethod" name="launchMyntra" time="4.018"/>
</testsuite> <!-- unitTesting.LearningDependsOnMethod -->
