<?xml version="1.0" encoding="UTF-8"?>
<!-- Generated by org.testng.reporters.JUnitReportReporter -->
<testsuite hostname="TYSS-Sumanth-Chinivar" failures="0" tests="1" name="film.GoToFilm" time="34.213" errors="0" timestamp="2024-01-30T16:06:05 IST" skipped="0">
  <testcase classname="film.GoToFilm" name="goToFilm" time="34.213"/>
</testsuite> <!-- film.GoToFilm -->
