<?xml version="1.0" encoding="UTF-8"?>
<!-- Generated by org.testng.reporters.JUnitReportReporter -->
<testsuite hostname="TYSS-Sumanth-Chinivar" failures="0" tests="1" name="writingAutomationScriptUsingPOM.TC_DWS_Register_006" time="4.476" errors="0" timestamp="2024-02-13T08:41:16 IST" skipped="0">
  <testcase classname="writingAutomationScriptUsingPOM.TC_DWS_Register_006" name="clickOnRegister" time="4.476">
    <system-out>
      <![CDATA[Browser is launched
Window is maximized
DemoWebShop is launched
User clicked on register link]]>
    </system-out>
  </testcase> <!-- clickOnRegister -->
  <system-out>
    <![CDATA[Browser is launched
Window is maximized
DemoWebShop is launched
User clicked on register link]]>
  </system-out>
</testsuite> <!-- writingAutomationScriptUsingPOM.TC_DWS_Register_006 -->
