<?xml version="1.0" encoding="UTF-8"?>
<!-- Generated by org.testng.reporters.JUnitReportReporter -->
<testsuite hostname="TYSS-Sumanth-Chinivar" failures="0" tests="1" name="crossBrowser.CB11" time="6.129" errors="0" timestamp="2024-02-02T07:30:55 IST" skipped="0">
  <testcase classname="crossBrowser.CB11" name="launchNammaYatri" time="6.129"/>
</testsuite> <!-- crossBrowser.CB11 -->
