<?xml version="1.0" encoding="UTF-8"?>
<!-- Generated by org.testng.reporters.JUnitReportReporter -->
<testsuite hostname="TYSS-Sumanth-Chinivar" failures="0" tests="1" name="crossBrowser.LearningCrossBrowser7" time="2.970" errors="0" timestamp="2024-02-01T08:17:01 IST" skipped="0">
  <testcase classname="crossBrowser.LearningCrossBrowser7" name="launchUber" time="2.970"/>
</testsuite> <!-- crossBrowser.LearningCrossBrowser7 -->
