<?xml version="1.0" encoding="UTF-8"?>
<!-- Generated by org.testng.reporters.JUnitReportReporter -->
<testsuite hostname="TYSS-Sumanth-Chinivar" failures="0" tests="3" name="unitTesting.LearningPriorityClass1" time="12.121" errors="0" timestamp="2024-01-23T07:49:56 IST" skipped="0">
  <testcase classname="unitTesting.LearningPriorityClass1" name="launchGoogle" time="3.472"/>
  <testcase classname="unitTesting.LearningPriorityClass1" name="launchFacebook" time="3.411"/>
  <testcase classname="unitTesting.LearningPriorityClass1" name="launchInstagram" time="5.238"/>
</testsuite> <!-- unitTesting.LearningPriorityClass1 -->
