<?xml version="1.0" encoding="UTF-8"?>
<!-- Generated by org.testng.reporters.JUnitReportReporter -->
<testsuite hostname="TYSS-Sumanth-Chinivar" failures="0" tests="2" name="dataProvider.LearningDataProvider2" time="0.007" errors="0" timestamp="2024-01-30T07:32:07 IST" skipped="0">
  <testcase classname="dataProvider.LearningDataProvider2" name="print" time="0.002"/>
  <testcase classname="dataProvider.LearningDataProvider2" name="print" time="0.005"/>
</testsuite> <!-- dataProvider.LearningDataProvider2 -->
