<?xml version="1.0" encoding="UTF-8"?>
<!-- Generated by org.testng.reporters.JUnitReportReporter -->
<testsuite hostname="TYSS-Sumanth-Chinivar" failures="0" tests="2" name="dataProvider.LearningDataProvider1" time="14.469" errors="0" timestamp="2024-01-29T15:48:56 IST" skipped="0">
  <testcase classname="dataProvider.LearningDataProvider1" name="login" time="8.033"/>
  <testcase classname="dataProvider.LearningDataProvider1" name="login" time="6.436"/>
</testsuite> <!-- dataProvider.LearningDataProvider1 -->
