<?xml version="1.0" encoding="UTF-8"?>
<!-- Generated by org.testng.reporters.JUnitReportReporter -->
<testsuite hostname="TYSS-Sumanth-Chinivar" failures="0" tests="1" name="crossBrowser.LearningCrossBrowser6" time="6.774" errors="0" timestamp="2024-02-01T08:17:01 IST" skipped="0">
  <testcase classname="crossBrowser.LearningCrossBrowser6" name="launchNammaYatri" time="6.774"/>
</testsuite> <!-- crossBrowser.LearningCrossBrowser6 -->
