<?xml version="1.0" encoding="UTF-8"?>
<!-- Generated by org.testng.reporters.JUnitReportReporter -->
<testsuite hostname="TYSS-Sumanth-Chinivar" failures="0" tests="5" name="LearningInvocationCount" time="15.125" errors="0" timestamp="2024-01-22T08:09:45 IST" skipped="0">
  <testcase classname="LearningInvocationCount" name="launchGoogle" time="2.856"/>
  <testcase classname="LearningInvocationCount" name="launchGoogle" time="4.462"/>
  <testcase classname="LearningInvocationCount" name="launchGoogle" time="2.711"/>
  <testcase classname="LearningInvocationCount" name="launchGoogle" time="2.602"/>
  <testcase classname="LearningInvocationCount" name="launchGoogle" time="2.494"/>
</testsuite> <!-- LearningInvocationCount -->
