<?xml version="1.0" encoding="UTF-8"?>
<!-- Generated by org.testng.reporters.JUnitReportReporter -->
<testsuite hostname="TYSS-Sumanth-Chinivar" failures="0" tests="1" name="LearningTimeOut" time="3.840" errors="0" timestamp="2024-01-22T08:51:24 IST" skipped="0">
  <testcase classname="LearningTimeOut" name="launchFlipkart" time="3.840"/>
</testsuite> <!-- LearningTimeOut -->
