<?xml version="1.0" encoding="UTF-8"?>
<!-- Generated by org.testng.reporters.JUnitReportReporter -->
<testsuite hostname="TYSS-Sumanth-Chinivar" failures="0" tests="1" name="learningParallelExecution.BMW" time="2.423" errors="0" timestamp="2024-01-29T07:48:27 IST" skipped="0">
  <testcase classname="learningParallelExecution.BMW" name="launchBMW" time="2.423"/>
</testsuite> <!-- learningParallelExecution.BMW -->
