<?xml version="1.0" encoding="UTF-8"?>
<!-- Generated by org.testng.reporters.JUnitReportReporter -->
<testsuite hostname="TYSS-Sumanth-Chinivar" failures="0" tests="1" name="crossBrowser.LearningCrossBrowser8" time="21.553" errors="0" timestamp="2024-02-01T08:17:01 IST" skipped="0">
  <testcase classname="crossBrowser.LearningCrossBrowser8" name="launchUber" time="21.553"/>
</testsuite> <!-- crossBrowser.LearningCrossBrowser8 -->
