<?xml version="1.0" encoding="UTF-8"?>
<!-- Generated by org.testng.reporters.JUnitReportReporter -->
<testsuite hostname="TYSS-Sumanth-Chinivar" failures="0" tests="1" name="configurationAnnotations.LearningConfigAnnotation1" time="0.006" errors="0" timestamp="2024-02-02T08:06:19 IST" skipped="0">
  <testcase classname="configurationAnnotations.LearningConfigAnnotation1" name="test" time="0.006"/>
</testsuite> <!-- configurationAnnotations.LearningConfigAnnotation1 -->
