<?xml version="1.0" encoding="UTF-8"?>
<!-- Generated by org.testng.reporters.JUnitReportReporter -->
<testsuite hostname="TYSS-Sumanth-Chinivar" failures="0" tests="2" name="learningGroups.LaunchFlipkart" time="9.069" errors="0" timestamp="2024-01-25T08:39:48 IST" skipped="0">
  <testcase classname="learningGroups.LaunchFlipkart" name="launchFlipkart" time="3.739"/>
  <testcase classname="learningGroups.LaunchFlipkart" name="launchIndianTourism" time="5.330"/>
</testsuite> <!-- learningGroups.LaunchFlipkart -->
