<?xml version="1.0" encoding="UTF-8"?>
<!-- Generated by org.testng.reporters.JUnitReportReporter -->
<testsuite hostname="TYSS-Sumanth-Chinivar" failures="0" tests="4" name="dataProvider.LearningDataProvider4" time="24.563" errors="0" timestamp="2024-01-30T08:36:24 IST" skipped="0">
  <testcase classname="dataProvider.LearningDataProvider4" name="register" time="6.506"/>
  <testcase classname="dataProvider.LearningDataProvider4" name="register" time="5.322"/>
  <testcase classname="dataProvider.LearningDataProvider4" name="register" time="6.891"/>
  <testcase classname="dataProvider.LearningDataProvider4" name="register" time="5.844"/>
</testsuite> <!-- dataProvider.LearningDataProvider4 -->
