<?xml version="1.0" encoding="UTF-8"?>
<!-- Generated by org.testng.reporters.JUnitReportReporter -->
<testsuite hostname="TYSS-Sumanth-Chinivar" failures="0" tests="1" name="unitTesting.LearningTimeOut" time="4.483" errors="0" timestamp="2024-01-23T07:49:56 IST" skipped="0">
  <testcase classname="unitTesting.LearningTimeOut" name="launchFlipkart" time="4.483"/>
</testsuite> <!-- unitTesting.LearningTimeOut -->
