<?xml version="1.0" encoding="UTF-8"?>
<!-- Generated by org.testng.reporters.JUnitReportReporter -->
<testsuite hostname="TYSS-Sumanth-Chinivar" failures="0" tests="1" name="learningPOM.AvoidStaleness" time="4.144" errors="0" timestamp="2024-02-08T08:30:22 IST" skipped="0">
  <testcase classname="learningPOM.AvoidStaleness" name="serachInDWS" time="4.144"/>
</testsuite> <!-- learningPOM.AvoidStaleness -->
