<?xml version="1.0" encoding="UTF-8"?>
<!-- Generated by org.testng.reporters.JUnitReportReporter -->
<testsuite hostname="TYSS-Sumanth-Chinivar" failures="0" tests="10" name="writingAutomationScriptUsingPOM.TC_DWS_Register_002" time="45.328" errors="0" timestamp="2024-02-10T08:37:14 IST" skipped="0">
  <testcase classname="writingAutomationScriptUsingPOM.TC_DWS_Register_002" name="method_To_Register" time="4.082"/>
  <testcase classname="writingAutomationScriptUsingPOM.TC_DWS_Register_002" name="method_To_Register" time="4.400"/>
  <testcase classname="writingAutomationScriptUsingPOM.TC_DWS_Register_002" name="method_To_Register" time="5.487"/>
  <testcase classname="writingAutomationScriptUsingPOM.TC_DWS_Register_002" name="method_To_Register" time="3.956"/>
  <testcase classname="writingAutomationScriptUsingPOM.TC_DWS_Register_002" name="method_To_Register" time="4.729"/>
  <testcase classname="writingAutomationScriptUsingPOM.TC_DWS_Register_002" name="method_To_Register" time="4.627"/>
  <testcase classname="writingAutomationScriptUsingPOM.TC_DWS_Register_002" name="method_To_Register" time="4.567"/>
  <testcase classname="writingAutomationScriptUsingPOM.TC_DWS_Register_002" name="method_To_Register" time="4.411"/>
  <testcase classname="writingAutomationScriptUsingPOM.TC_DWS_Register_002" name="method_To_Register" time="4.297"/>
  <testcase classname="writingAutomationScriptUsingPOM.TC_DWS_Register_002" name="method_To_Register" time="4.772"/>
</testsuite> <!-- writingAutomationScriptUsingPOM.TC_DWS_Register_002 -->
