<?xml version="1.0" encoding="UTF-8"?>
<!-- Generated by org.testng.reporters.JUnitReportReporter -->
<testsuite hostname="TYSS-Sumanth-Chinivar" failures="0" tests="1" name="learningGroupExecution.Bus" time="4.891" errors="0" timestamp="2024-01-25T08:38:39 IST" skipped="0">
  <testcase classname="learningGroupExecution.Bus" name="bus" time="4.891"/>
</testsuite> <!-- learningGroupExecution.Bus -->
