<?xml version="1.0" encoding="UTF-8"?>
<!-- Generated by org.testng.reporters.JUnitReportReporter -->
<testsuite hostname="TYSS-Sumanth-Chinivar" failures="0" tests="2" name="LearningEnabled" time="3.795" errors="0" timestamp="2024-01-22T08:27:56 IST" skipped="1">
  <testcase classname="LearningEnabled" name="launchInstagram" time="3.795"/>
  <testcase classname="LearningEnabled" name="launchYouTube">
    <skipped/>
  </testcase> <!-- launchYouTube -->
</testsuite> <!-- LearningEnabled -->
