<?xml version="1.0" encoding="UTF-8"?>
<!-- Generated by org.testng.reporters.JUnitReportReporter -->
<testsuite hostname="TYSS-Sumanth-Chinivar" failures="0" tests="3" name="film.Cabs" time="104.713" errors="0" timestamp="2024-01-30T16:06:05 IST" skipped="0">
  <testcase classname="film.Cabs" name="launchUber" time="40.597"/>
  <testcase classname="film.Cabs" name="launchRapido" time="42.998"/>
  <testcase classname="film.Cabs" name="launchOla" time="21.118"/>
</testsuite> <!-- film.Cabs -->
