<?xml version="1.0" encoding="UTF-8"?>
<!-- Generated by org.testng.reporters.JUnitReportReporter -->
<testsuite hostname="TYSS-Sumanth-Chinivar" failures="0" tests="1" name="crossBrowser.LearningCrossBrowser9" time="4.119" errors="0" timestamp="2024-02-01T08:17:01 IST" skipped="0">
  <testcase classname="crossBrowser.LearningCrossBrowser9" name="launchUber" time="4.119"/>
</testsuite> <!-- crossBrowser.LearningCrossBrowser9 -->
