<?xml version="1.0" encoding="UTF-8"?>
<!-- Generated by org.testng.reporters.JUnitReportReporter -->
<testsuite hostname="TYSS-Sumanth-Chinivar" failures="0" tests="1" name="crossBrowser.CB10" time="5.547" errors="0" timestamp="2024-02-02T07:30:55 IST" skipped="0">
  <testcase classname="crossBrowser.CB10" name="launchNammaYatri" time="5.547"/>
</testsuite> <!-- crossBrowser.CB10 -->
