<?xml version="1.0" encoding="UTF-8"?>
<!-- Generated by org.testng.reporters.JUnitReportReporter -->
<testsuite hostname="TYSS-Sumanth-Chinivar" failures="0" tests="1" name="learningGroups.LaunchMeesho" time="2.630" errors="0" timestamp="2024-01-24T08:01:45 IST" skipped="0">
  <testcase classname="learningGroups.LaunchMeesho" name="launchMeesho" time="2.630"/>
</testsuite> <!-- learningGroups.LaunchMeesho -->
