<?xml version="1.0" encoding="UTF-8"?>
<!-- Generated by org.testng.reporters.JUnitReportReporter -->
<testsuite hostname="TYSS-Sumanth-Chinivar" failures="0" tests="1" name="baseClass.TestCase1" time="2.091" errors="0" timestamp="2024-02-03T08:49:46 IST" skipped="0">
  <testcase classname="baseClass.TestCase1" name="demo" time="2.091"/>
</testsuite> <!-- baseClass.TestCase1 -->
