<?xml version="1.0" encoding="UTF-8"?>
<!-- Generated by org.testng.reporters.JUnitReportReporter -->
<testsuite hostname="TYSS-Sumanth-Chinivar" failures="0" tests="3" name="unitTesting.LearningPriorityClass4" time="7.047" errors="0" timestamp="2024-01-23T07:49:56 IST" skipped="0">
  <testcase classname="unitTesting.LearningPriorityClass4" name="launchMaxFashion" time="2.942"/>
  <testcase classname="unitTesting.LearningPriorityClass4" name="dummy" time="1.764"/>
  <testcase classname="unitTesting.LearningPriorityClass4" name="launchWoodland" time="2.341"/>
</testsuite> <!-- unitTesting.LearningPriorityClass4 -->
