<?xml version="1.0" encoding="UTF-8"?>
<!-- Generated by org.testng.reporters.JUnitReportReporter -->
<testsuite hostname="TYSS-Sumanth-Chinivar" failures="0" tests="1" name="crossBrowser.LearningCrossBrowser2" time="0.008" errors="0" timestamp="2024-01-31T08:13:28 IST" skipped="0">
  <testcase classname="crossBrowser.LearningCrossBrowser2" name="subtract" time="0.008"/>
</testsuite> <!-- crossBrowser.LearningCrossBrowser2 -->
