<?xml version="1.0" encoding="UTF-8"?>
<!-- Generated by org.testng.reporters.JUnitReportReporter -->
<testsuite hostname="TYSS-Sumanth-Chinivar" failures="0" tests="1" name="LearningToLaunchBrowsersByReadingBrowserName" time="2.303" errors="0" timestamp="2024-01-31T07:56:40 IST" skipped="0">
  <testcase classname="LearningToLaunchBrowsersByReadingBrowserName" name="launchBrowser" time="2.303"/>
</testsuite> <!-- LearningToLaunchBrowsersByReadingBrowserName -->
